<!DOCTYPE html PUBLIC "-//W3C//DTD XHTML 1.1//EN" "https://www.w3.org/TR/xhtml11/DTD/xhtml11.dtd">
<html xmlns="https://www.w3.org/1999/xhtml">
<head>
<meta http-equiv="content-type" content="text/html; charset=UTF-8"/>
<title>TestNG Report</title>
<style type="text/css">table {margin-bottom:10px;border-collapse:collapse;empty-cells:show}th,td {border:1px solid #009;padding:.25em .5em}th {vertical-align:bottom}td {vertical-align:top}table a {font-weight:bold}.stripe td {background-color: #E6EBF9}.num {text-align:right}.passedodd td {background-color: #3F3}.passedeven td {background-color: #0A0}.skippedodd td {background-color: #DDD}.skippedeven td {background-color: #CCC}.failedodd td,.attn {background-color: #F33}.failedeven td,.stripe .attn {background-color: #D00}.stacktrace {white-space:pre;font-family:monospace}.totop {font-size:85%;text-align:center;border-bottom:2px solid #000}.invisible {display:none}</style>
</head>
<body>
<table>
<tr><th>Test</th><th># Passed</th><th># Skipped</th><th># Retried</th><th># Failed</th><th>Time (ms)</th><th>Included Groups</th><th>Excluded Groups</th></tr>
<tr><th colspan="8">grouping</th></tr>
<tr><td><a href="#t0">groupTest</a></td><td class="num">0</td><td class="num attn">2</td><td class="num">0</td><td class="num">0</td><td class="num">725</td><td>Master, Sanity, Regression</td><td></td></tr>
</table>
<table id='summary'><thead><tr><th>Class</th><th>Method</th><th>Start</th><th>Time (ms)</th></tr></thead><tbody><tr><th colspan="4">grouping</th></tr></tbody><tbody id="t0"><tr><th colspan="4">groupTest &#8212; failed (configuration methods)</th></tr><tr class="failedeven"><td rowspan="1">testcases.tc0011accountrigistration</td><td><a href="#m0">setup</a></td><td rowspan="1">1740826266312</td><td rowspan="1">17</td></tr><tr class="failedodd"><td rowspan="1">testcases.verify_login_Myaccount</td><td><a href="#m1">setup</a></td><td rowspan="1">1740826265820</td><td rowspan="1">458</td></tr><tr><th colspan="4">groupTest &#8212; skipped (configuration methods)</th></tr><tr class="skippedeven"><td rowspan="1">testcases.tc0011accountrigistration</td><td><a href="#m2">teardown</a></td><td rowspan="1">1740826266342</td><td rowspan="1">0</td></tr><tr class="skippedodd"><td rowspan="1">testcases.verify_login_Myaccount</td><td><a href="#m3">teardown</a></td><td rowspan="1">1740826266310</td><td rowspan="1">0</td></tr><tr><th colspan="4">groupTest &#8212; skipped</th></tr><tr class="skippedeven"><td rowspan="1">testcases.tc0011accountrigistration</td><td><a href="#m4">verify_accountregistration</a></td><td rowspan="1">1740826266334</td><td rowspan="1">1</td></tr><tr class="skippedodd"><td rowspan="1">testcases.verify_login_Myaccount</td><td><a href="#m5">verifymyaccountexists</a></td><td rowspan="1">1740826266294</td><td rowspan="1">0</td></tr></tbody>
</table>
<h2>groupTest</h2><h3 id="m0">testcases.tc0011accountrigistration#setup</h3><table class="result"><tr class="param"><th>Parameter #1</th><th>Parameter #2</th></tr><tr class="param stripe"><td>windows</td><td>chrome</td></tr><tr><th colspan="2">Exception</th></tr><tr><td colspan="2"><div class="stacktrace">org.openqa.selenium.SessionNotCreatedException: Could not start a new session. Unable to parse remote response: &lt;!DOCTYPE html&gt;
&lt;html lang=&quot;en&quot;&gt;

&lt;head&gt;
  &lt;meta charset=&quot;utf-8&quot;/&gt;
  &lt;link href=&quot;favicon.svg&quot; rel=&quot;icon&quot; type=&quot;image/svg&quot;&gt;
  &lt;meta content=&quot;width=device-width, initial-scale=1&quot; name=&quot;viewport&quot;/&gt;
  &lt;link href=&quot;logo192.png&quot; rel=&quot;apple-touch-icon&quot;/&gt;
  &lt;link href=&quot;manifest.json&quot; rel=&quot;manifest&quot;/&gt;
  &lt;title&gt;Selenium Grid&lt;/title&gt;
&lt;/head&gt;

&lt;body&gt;
  &lt;noscript&gt;You need to enable JavaScript to run this app.&lt;/noscript&gt;
  &lt;div id=&quot;root&quot;&gt;&lt;/div&gt;
  &lt;script src=&quot;index.js&quot;&gt;&lt;/script&gt;
&lt;/body&gt;

&lt;/html&gt;
 
Host info: host: &apos;ABHISHEK&apos;, ip: &apos;192.168.1.2&apos;
	at org.openqa.selenium.remote.ProtocolHandshake.createSession(ProtocolHandshake.java:100)
	at org.openqa.selenium.remote.ProtocolHandshake.createSession(ProtocolHandshake.java:75)
	at org.openqa.selenium.remote.ProtocolHandshake.createSession(ProtocolHandshake.java:61)
	at org.openqa.selenium.remote.HttpCommandExecutor.execute(HttpCommandExecutor.java:162)
	at org.openqa.selenium.remote.TracedCommandExecutor.execute(TracedCommandExecutor.java:53)
	at org.openqa.selenium.remote.RemoteWebDriver.execute(RemoteWebDriver.java:545)
	at org.openqa.selenium.remote.RemoteWebDriver.startSession(RemoteWebDriver.java:245)
	at org.openqa.selenium.remote.RemoteWebDriver.&lt;init&gt;(RemoteWebDriver.java:174)
	at org.openqa.selenium.remote.RemoteWebDriver.&lt;init&gt;(RemoteWebDriver.java:152)
	at testcases.testbase.setup(testbase.java:70)
	at java.base/java.util.ArrayList.forEach(ArrayList.java:1597)
Caused by: org.openqa.selenium.json.JsonException: Unable to parse: &lt;!DOCTYPE html&gt;
&lt;html lang=&quot;en&quot;&gt;

&lt;head&gt;
  &lt;meta charset=&quot;utf-8&quot;/&gt;
  &lt;link href=&quot;favicon.svg&quot; rel=&quot;icon&quot; type=&quot;image/svg&quot;&gt;
  &lt;meta content=&quot;width=device-width, initial-scale=1&quot; name=&quot;viewport&quot;/&gt;
  &lt;link href=&quot;logo192.png&quot; rel=&quot;apple-touch-icon&quot;/&gt;
  &lt;link href=&quot;manifest.json&quot; rel=&quot;manifest&quot;/&gt;
  &lt;title&gt;Selenium Grid&lt;/title&gt;
&lt;/head&gt;

&lt;body&gt;
  &lt;noscript&gt;You need to enable JavaScript to run this app.&lt;/noscript&gt;
  &lt;div id=&quot;root&quot;&gt;&lt;/div&gt;
  &lt;script src=&quot;index.js&quot;&gt;&lt;/script&gt;
&lt;/body&gt;

&lt;/html&gt;

	at org.openqa.selenium.json.Json.toType(Json.java:169)
	at org.openqa.selenium.json.Json.toType(Json.java:152)
	at org.openqa.selenium.remote.ProtocolHandshake.createSession(ProtocolHandshake.java:96)
	... 33 more
Caused by: org.openqa.selenium.json.JsonException: Unable to determine type from: &lt;. Last 1 characters read: &lt;, next 128 characters to read: !DOCTYPE html&gt;
&lt;html lang=&quot;en&quot;&gt;

&lt;head&gt;
  &lt;meta charset=&quot;utf-8&quot;/&gt;
  &lt;link href=&quot;favicon.svg&quot; rel=&quot;icon&quot; type=&quot;image/svg&quot;&gt;
  &lt;met
Build info: version: &apos;4.25.0&apos;, revision: &apos;8a8aea2337&apos;
System info: os.name: &apos;Windows 11&apos;, os.arch: &apos;amd64&apos;, os.version: &apos;10.0&apos;, java.version: &apos;23&apos;
Driver info: driver.version: RemoteWebDriver
	at org.openqa.selenium.json.JsonInput.peek(JsonInput.java:166)
	at org.openqa.selenium.json.JsonTypeCoercer.lambda$buildCoercer$6(JsonTypeCoercer.java:167)
	at org.openqa.selenium.json.JsonTypeCoercer.coerce(JsonTypeCoercer.java:146)
	at org.openqa.selenium.json.Json.toType(Json.java:206)
	at org.openqa.selenium.json.Json.toType(Json.java:167)
	... 35 more
... Removed 23 stack frames</div></td></tr></table><p class="totop"><a href="#summary">back to summary</a></p>
<h3 id="m1">testcases.verify_login_Myaccount#setup</h3><table class="result"><tr class="param"><th>Parameter #1</th><th>Parameter #2</th></tr><tr class="param stripe"><td>windows</td><td>chrome</td></tr><tr><th colspan="2">Exception</th></tr><tr><td colspan="2"><div class="stacktrace">org.openqa.selenium.SessionNotCreatedException: Could not start a new session. Unable to parse remote response: &lt;!DOCTYPE html&gt;
&lt;html lang=&quot;en&quot;&gt;

&lt;head&gt;
  &lt;meta charset=&quot;utf-8&quot;/&gt;
  &lt;link href=&quot;favicon.svg&quot; rel=&quot;icon&quot; type=&quot;image/svg&quot;&gt;
  &lt;meta content=&quot;width=device-width, initial-scale=1&quot; name=&quot;viewport&quot;/&gt;
  &lt;link href=&quot;logo192.png&quot; rel=&quot;apple-touch-icon&quot;/&gt;
  &lt;link href=&quot;manifest.json&quot; rel=&quot;manifest&quot;/&gt;
  &lt;title&gt;Selenium Grid&lt;/title&gt;
&lt;/head&gt;

&lt;body&gt;
  &lt;noscript&gt;You need to enable JavaScript to run this app.&lt;/noscript&gt;
  &lt;div id=&quot;root&quot;&gt;&lt;/div&gt;
  &lt;script src=&quot;index.js&quot;&gt;&lt;/script&gt;
&lt;/body&gt;

&lt;/html&gt;
 
Host info: host: &apos;ABHISHEK&apos;, ip: &apos;192.168.1.2&apos;
	at org.openqa.selenium.remote.ProtocolHandshake.createSession(ProtocolHandshake.java:100)
	at org.openqa.selenium.remote.ProtocolHandshake.createSession(ProtocolHandshake.java:75)
	at org.openqa.selenium.remote.ProtocolHandshake.createSession(ProtocolHandshake.java:61)
	at org.openqa.selenium.remote.HttpCommandExecutor.execute(HttpCommandExecutor.java:162)
	at org.openqa.selenium.remote.TracedCommandExecutor.execute(TracedCommandExecutor.java:53)
	at org.openqa.selenium.remote.RemoteWebDriver.execute(RemoteWebDriver.java:545)
	at org.openqa.selenium.remote.RemoteWebDriver.startSession(RemoteWebDriver.java:245)
	at org.openqa.selenium.remote.RemoteWebDriver.&lt;init&gt;(RemoteWebDriver.java:174)
	at org.openqa.selenium.remote.RemoteWebDriver.&lt;init&gt;(RemoteWebDriver.java:152)
	at testcases.testbase.setup(testbase.java:70)
	at java.base/java.util.ArrayList.forEach(ArrayList.java:1597)
Caused by: org.openqa.selenium.json.JsonException: Unable to parse: &lt;!DOCTYPE html&gt;
&lt;html lang=&quot;en&quot;&gt;

&lt;head&gt;
  &lt;meta charset=&quot;utf-8&quot;/&gt;
  &lt;link href=&quot;favicon.svg&quot; rel=&quot;icon&quot; type=&quot;image/svg&quot;&gt;
  &lt;meta content=&quot;width=device-width, initial-scale=1&quot; name=&quot;viewport&quot;/&gt;
  &lt;link href=&quot;logo192.png&quot; rel=&quot;apple-touch-icon&quot;/&gt;
  &lt;link href=&quot;manifest.json&quot; rel=&quot;manifest&quot;/&gt;
  &lt;title&gt;Selenium Grid&lt;/title&gt;
&lt;/head&gt;

&lt;body&gt;
  &lt;noscript&gt;You need to enable JavaScript to run this app.&lt;/noscript&gt;
  &lt;div id=&quot;root&quot;&gt;&lt;/div&gt;
  &lt;script src=&quot;index.js&quot;&gt;&lt;/script&gt;
&lt;/body&gt;

&lt;/html&gt;

	at org.openqa.selenium.json.Json.toType(Json.java:169)
	at org.openqa.selenium.json.Json.toType(Json.java:152)
	at org.openqa.selenium.remote.ProtocolHandshake.createSession(ProtocolHandshake.java:96)
	... 33 more
Caused by: org.openqa.selenium.json.JsonException: Unable to determine type from: &lt;. Last 1 characters read: &lt;, next 128 characters to read: !DOCTYPE html&gt;
&lt;html lang=&quot;en&quot;&gt;

&lt;head&gt;
  &lt;meta charset=&quot;utf-8&quot;/&gt;
  &lt;link href=&quot;favicon.svg&quot; rel=&quot;icon&quot; type=&quot;image/svg&quot;&gt;
  &lt;met
Build info: version: &apos;4.25.0&apos;, revision: &apos;8a8aea2337&apos;
System info: os.name: &apos;Windows 11&apos;, os.arch: &apos;amd64&apos;, os.version: &apos;10.0&apos;, java.version: &apos;23&apos;
Driver info: driver.version: RemoteWebDriver
	at org.openqa.selenium.json.JsonInput.peek(JsonInput.java:166)
	at org.openqa.selenium.json.JsonTypeCoercer.lambda$buildCoercer$6(JsonTypeCoercer.java:167)
	at org.openqa.selenium.json.JsonTypeCoercer.coerce(JsonTypeCoercer.java:146)
	at org.openqa.selenium.json.Json.toType(Json.java:206)
	at org.openqa.selenium.json.Json.toType(Json.java:167)
	... 35 more
... Removed 23 stack frames</div></td></tr></table><p class="totop"><a href="#summary">back to summary</a></p>
<h3 id="m2">testcases.tc0011accountrigistration#teardown</h3><table class="result"><tr><th class="invisible"/></tr></table><p class="totop"><a href="#summary">back to summary</a></p>
<h3 id="m3">testcases.verify_login_Myaccount#teardown</h3><table class="result"><tr><th class="invisible"/></tr></table><p class="totop"><a href="#summary">back to summary</a></p>
<h3 id="m4">testcases.tc0011accountrigistration#verify_accountregistration</h3><table class="result"><tr><th>Exception</th></tr><tr><td><div class="stacktrace">org.openqa.selenium.SessionNotCreatedException: Could not start a new session. Unable to parse remote response: &lt;!DOCTYPE html&gt;
&lt;html lang=&quot;en&quot;&gt;

&lt;head&gt;
  &lt;meta charset=&quot;utf-8&quot;/&gt;
  &lt;link href=&quot;favicon.svg&quot; rel=&quot;icon&quot; type=&quot;image/svg&quot;&gt;
  &lt;meta content=&quot;width=device-width, initial-scale=1&quot; name=&quot;viewport&quot;/&gt;
  &lt;link href=&quot;logo192.png&quot; rel=&quot;apple-touch-icon&quot;/&gt;
  &lt;link href=&quot;manifest.json&quot; rel=&quot;manifest&quot;/&gt;
  &lt;title&gt;Selenium Grid&lt;/title&gt;
&lt;/head&gt;

&lt;body&gt;
  &lt;noscript&gt;You need to enable JavaScript to run this app.&lt;/noscript&gt;
  &lt;div id=&quot;root&quot;&gt;&lt;/div&gt;
  &lt;script src=&quot;index.js&quot;&gt;&lt;/script&gt;
&lt;/body&gt;

&lt;/html&gt;
 
Host info: host: &apos;ABHISHEK&apos;, ip: &apos;192.168.1.2&apos;
	at org.openqa.selenium.remote.ProtocolHandshake.createSession(ProtocolHandshake.java:100)
	at org.openqa.selenium.remote.ProtocolHandshake.createSession(ProtocolHandshake.java:75)
	at org.openqa.selenium.remote.ProtocolHandshake.createSession(ProtocolHandshake.java:61)
	at org.openqa.selenium.remote.HttpCommandExecutor.execute(HttpCommandExecutor.java:162)
	at org.openqa.selenium.remote.TracedCommandExecutor.execute(TracedCommandExecutor.java:53)
	at org.openqa.selenium.remote.RemoteWebDriver.execute(RemoteWebDriver.java:545)
	at org.openqa.selenium.remote.RemoteWebDriver.startSession(RemoteWebDriver.java:245)
	at org.openqa.selenium.remote.RemoteWebDriver.&lt;init&gt;(RemoteWebDriver.java:174)
	at org.openqa.selenium.remote.RemoteWebDriver.&lt;init&gt;(RemoteWebDriver.java:152)
	at testcases.testbase.setup(testbase.java:70)
	at java.base/java.util.ArrayList.forEach(ArrayList.java:1597)
Caused by: org.openqa.selenium.json.JsonException: Unable to parse: &lt;!DOCTYPE html&gt;
&lt;html lang=&quot;en&quot;&gt;

&lt;head&gt;
  &lt;meta charset=&quot;utf-8&quot;/&gt;
  &lt;link href=&quot;favicon.svg&quot; rel=&quot;icon&quot; type=&quot;image/svg&quot;&gt;
  &lt;meta content=&quot;width=device-width, initial-scale=1&quot; name=&quot;viewport&quot;/&gt;
  &lt;link href=&quot;logo192.png&quot; rel=&quot;apple-touch-icon&quot;/&gt;
  &lt;link href=&quot;manifest.json&quot; rel=&quot;manifest&quot;/&gt;
  &lt;title&gt;Selenium Grid&lt;/title&gt;
&lt;/head&gt;

&lt;body&gt;
  &lt;noscript&gt;You need to enable JavaScript to run this app.&lt;/noscript&gt;
  &lt;div id=&quot;root&quot;&gt;&lt;/div&gt;
  &lt;script src=&quot;index.js&quot;&gt;&lt;/script&gt;
&lt;/body&gt;

&lt;/html&gt;

	at org.openqa.selenium.json.Json.toType(Json.java:169)
	at org.openqa.selenium.json.Json.toType(Json.java:152)
	at org.openqa.selenium.remote.ProtocolHandshake.createSession(ProtocolHandshake.java:96)
	... 33 more
Caused by: org.openqa.selenium.json.JsonException: Unable to determine type from: &lt;. Last 1 characters read: &lt;, next 128 characters to read: !DOCTYPE html&gt;
&lt;html lang=&quot;en&quot;&gt;

&lt;head&gt;
  &lt;meta charset=&quot;utf-8&quot;/&gt;
  &lt;link href=&quot;favicon.svg&quot; rel=&quot;icon&quot; type=&quot;image/svg&quot;&gt;
  &lt;met
Build info: version: &apos;4.25.0&apos;, revision: &apos;8a8aea2337&apos;
System info: os.name: &apos;Windows 11&apos;, os.arch: &apos;amd64&apos;, os.version: &apos;10.0&apos;, java.version: &apos;23&apos;
Driver info: driver.version: RemoteWebDriver
	at org.openqa.selenium.json.JsonInput.peek(JsonInput.java:166)
	at org.openqa.selenium.json.JsonTypeCoercer.lambda$buildCoercer$6(JsonTypeCoercer.java:167)
	at org.openqa.selenium.json.JsonTypeCoercer.coerce(JsonTypeCoercer.java:146)
	at org.openqa.selenium.json.Json.toType(Json.java:206)
	at org.openqa.selenium.json.Json.toType(Json.java:167)
	... 35 more
... Removed 23 stack frames</div></td></tr></table><p class="totop"><a href="#summary">back to summary</a></p>
<h3 id="m5">testcases.verify_login_Myaccount#verifymyaccountexists</h3><table class="result"><tr><th>Exception</th></tr><tr><td><div class="stacktrace">org.openqa.selenium.SessionNotCreatedException: Could not start a new session. Unable to parse remote response: &lt;!DOCTYPE html&gt;
&lt;html lang=&quot;en&quot;&gt;

&lt;head&gt;
  &lt;meta charset=&quot;utf-8&quot;/&gt;
  &lt;link href=&quot;favicon.svg&quot; rel=&quot;icon&quot; type=&quot;image/svg&quot;&gt;
  &lt;meta content=&quot;width=device-width, initial-scale=1&quot; name=&quot;viewport&quot;/&gt;
  &lt;link href=&quot;logo192.png&quot; rel=&quot;apple-touch-icon&quot;/&gt;
  &lt;link href=&quot;manifest.json&quot; rel=&quot;manifest&quot;/&gt;
  &lt;title&gt;Selenium Grid&lt;/title&gt;
&lt;/head&gt;

&lt;body&gt;
  &lt;noscript&gt;You need to enable JavaScript to run this app.&lt;/noscript&gt;
  &lt;div id=&quot;root&quot;&gt;&lt;/div&gt;
  &lt;script src=&quot;index.js&quot;&gt;&lt;/script&gt;
&lt;/body&gt;

&lt;/html&gt;
 
Host info: host: &apos;ABHISHEK&apos;, ip: &apos;192.168.1.2&apos;
	at org.openqa.selenium.remote.ProtocolHandshake.createSession(ProtocolHandshake.java:100)
	at org.openqa.selenium.remote.ProtocolHandshake.createSession(ProtocolHandshake.java:75)
	at org.openqa.selenium.remote.ProtocolHandshake.createSession(ProtocolHandshake.java:61)
	at org.openqa.selenium.remote.HttpCommandExecutor.execute(HttpCommandExecutor.java:162)
	at org.openqa.selenium.remote.TracedCommandExecutor.execute(TracedCommandExecutor.java:53)
	at org.openqa.selenium.remote.RemoteWebDriver.execute(RemoteWebDriver.java:545)
	at org.openqa.selenium.remote.RemoteWebDriver.startSession(RemoteWebDriver.java:245)
	at org.openqa.selenium.remote.RemoteWebDriver.&lt;init&gt;(RemoteWebDriver.java:174)
	at org.openqa.selenium.remote.RemoteWebDriver.&lt;init&gt;(RemoteWebDriver.java:152)
	at testcases.testbase.setup(testbase.java:70)
	at java.base/java.util.ArrayList.forEach(ArrayList.java:1597)
Caused by: org.openqa.selenium.json.JsonException: Unable to parse: &lt;!DOCTYPE html&gt;
&lt;html lang=&quot;en&quot;&gt;

&lt;head&gt;
  &lt;meta charset=&quot;utf-8&quot;/&gt;
  &lt;link href=&quot;favicon.svg&quot; rel=&quot;icon&quot; type=&quot;image/svg&quot;&gt;
  &lt;meta content=&quot;width=device-width, initial-scale=1&quot; name=&quot;viewport&quot;/&gt;
  &lt;link href=&quot;logo192.png&quot; rel=&quot;apple-touch-icon&quot;/&gt;
  &lt;link href=&quot;manifest.json&quot; rel=&quot;manifest&quot;/&gt;
  &lt;title&gt;Selenium Grid&lt;/title&gt;
&lt;/head&gt;

&lt;body&gt;
  &lt;noscript&gt;You need to enable JavaScript to run this app.&lt;/noscript&gt;
  &lt;div id=&quot;root&quot;&gt;&lt;/div&gt;
  &lt;script src=&quot;index.js&quot;&gt;&lt;/script&gt;
&lt;/body&gt;

&lt;/html&gt;

	at org.openqa.selenium.json.Json.toType(Json.java:169)
	at org.openqa.selenium.json.Json.toType(Json.java:152)
	at org.openqa.selenium.remote.ProtocolHandshake.createSession(ProtocolHandshake.java:96)
	... 33 more
Caused by: org.openqa.selenium.json.JsonException: Unable to determine type from: &lt;. Last 1 characters read: &lt;, next 128 characters to read: !DOCTYPE html&gt;
&lt;html lang=&quot;en&quot;&gt;

&lt;head&gt;
  &lt;meta charset=&quot;utf-8&quot;/&gt;
  &lt;link href=&quot;favicon.svg&quot; rel=&quot;icon&quot; type=&quot;image/svg&quot;&gt;
  &lt;met
Build info: version: &apos;4.25.0&apos;, revision: &apos;8a8aea2337&apos;
System info: os.name: &apos;Windows 11&apos;, os.arch: &apos;amd64&apos;, os.version: &apos;10.0&apos;, java.version: &apos;23&apos;
Driver info: driver.version: RemoteWebDriver
	at org.openqa.selenium.json.JsonInput.peek(JsonInput.java:166)
	at org.openqa.selenium.json.JsonTypeCoercer.lambda$buildCoercer$6(JsonTypeCoercer.java:167)
	at org.openqa.selenium.json.JsonTypeCoercer.coerce(JsonTypeCoercer.java:146)
	at org.openqa.selenium.json.Json.toType(Json.java:206)
	at org.openqa.selenium.json.Json.toType(Json.java:167)
	... 35 more
... Removed 23 stack frames</div></td></tr></table><p class="totop"><a href="#summary">back to summary</a></p>
</body>
</html>
