<?xml version="1.0" encoding="UTF-8"?>
<!-- Generated by org.testng.reporters.JUnitXMLReporter -->
<testsuite ignored="0" hostname="Abhishek" failures="1" tests="4" name="chromeTest" time="53.712" errors="0" timestamp="2025-02-23T10:03:43 IST">
  <testcase classname="testcases.veriy_login_DDT" name="eriy_login_DDT" time="2.232"/>
  <testcase classname="testcases.veriy_login_DDT" name="eriy_login_DDT" time="1.942"/>
  <testcase classname="testcases.veriy_login_DDT" name="eriy_login_DDT" time="21.157">
    <failure type="java.lang.AssertionError" message="null">
      <![CDATA[java.lang.AssertionError: null
at testcases.veriy_login_DDT.eriy_login_DDT(veriy_login_DDT.java:58)
at java.base/java.util.ArrayList.forEach(ArrayList.java:1597)
... Removed 27 stack frames]]>
    </failure>
  </testcase> <!-- eriy_login_DDT -->
  <testcase classname="testcases.veriy_login_DDT" name="eriy_login_DDT" time="1.99"/>
</testsuite> <!-- chromeTest -->
